<?xml version="1.0" encoding="UTF-8"?>
<testsuite xmlns:xsi="http://www.w3.org/2001/XMLSchema-instance" xsi:noNamespaceSchemaLocation="https://maven.apache.org/surefire/maven-surefire-plugin/xsd/surefire-test-report.xsd" name="instagram.AppTest" time="0.052" tests="1" errors="0" skipped="0" failures="0">
  <properties>
    <property name="awt.toolkit" value="sun.awt.X11.XToolkit"/>
    <property name="file.encoding.pkg" value="sun.io"/>
    <property name="java.specification.version" value="1.8"/>
    <property name="sun.cpu.isalist" value=""/>
    <property name="sun.jnu.encoding" value="UTF-8"/>
    <property name="java.class.path" value="/root/chatbox/target/test-classes:/root/chatbox/target/classes:/root/.m2/repository/junit/junit/4.11/junit-4.11.jar:/root/.m2/repository/org/hamcrest/hamcrest-core/1.3/hamcrest-core-1.3.jar:/root/.m2/repository/org/rnorth/mysql/0.9.3/mysql-0.9.3.jar:/root/.m2/repository/org/rnorth/test-containers/0.9.3/test-containers-0.9.3.jar:/root/.m2/repository/com/spotify/docker-client/2.7.7/docker-client-2.7.7-shaded.jar:/root/.m2/repository/org/slf4j/slf4j-api/1.7.6/slf4j-api-1.7.6.jar:/root/.m2/repository/com/google/guava/guava/17.0/guava-17.0.jar:/root/.m2/repository/com/fasterxml/jackson/jaxrs/jackson-jaxrs-json-provider/2.2.3/jackson-jaxrs-json-provider-2.2.3.jar:/root/.m2/repository/com/fasterxml/jackson/jaxrs/jackson-jaxrs-base/2.2.3/jackson-jaxrs-base-2.2.3.jar:/root/.m2/repository/com/fasterxml/jackson/core/jackson-core/2.2.3/jackson-core-2.2.3.jar:/root/.m2/repository/com/fasterxml/jackson/module/jackson-module-jaxb-annotations/2.2.3/jackson-module-jaxb-annotations-2.2.3.jar:/root/.m2/repository/com/fasterxml/jackson/dataformat/jackson-dataformat-yaml/2.2.3/jackson-dataformat-yaml-2.2.3.jar:/root/.m2/repository/com/fasterxml/jackson/datatype/jackson-datatype-guava/2.2.3/jackson-datatype-guava-2.2.3.jar:/root/.m2/repository/com/fasterxml/jackson/core/jackson-databind/2.2.3/jackson-databind-2.2.3.jar:/root/.m2/repository/com/fasterxml/jackson/core/jackson-annotations/2.2.3/jackson-annotations-2.2.3.jar:/root/.m2/repository/org/glassfish/jersey/core/jersey-client/2.13/jersey-client-2.13.jar:/root/.m2/repository/org/glassfish/jersey/core/jersey-common/2.13/jersey-common-2.13.jar:/root/.m2/repository/javax/annotation/javax.annotation-api/1.2/javax.annotation-api-1.2.jar:/root/.m2/repository/org/glassfish/jersey/bundles/repackaged/jersey-guava/2.13/jersey-guava-2.13.jar:/root/.m2/repository/org/glassfish/hk2/osgi-resource-locator/1.0.1/osgi-resource-locator-1.0.1.jar:/root/.m2/repository/javax/ws/rs/javax.ws.rs-api/2.0.1/javax.ws.rs-api-2.0.1.jar:/root/.m2/repository/org/glassfish/hk2/hk2-api/2.3.0-b10/hk2-api-2.3.0-b10.jar:/root/.m2/repository/org/glassfish/hk2/hk2-utils/2.3.0-b10/hk2-utils-2.3.0-b10.jar:/root/.m2/repository/org/glassfish/hk2/external/aopalliance-repackaged/2.3.0-b10/aopalliance-repackaged-2.3.0-b10.jar:/root/.m2/repository/org/glassfish/hk2/external/javax.inject/2.3.0-b10/javax.inject-2.3.0-b10.jar:/root/.m2/repository/org/glassfish/hk2/hk2-locator/2.3.0-b10/hk2-locator-2.3.0-b10.jar:/root/.m2/repository/org/javassist/javassist/3.18.1-GA/javassist-3.18.1-GA.jar:/root/.m2/repository/org/glassfish/jersey/connectors/jersey-apache-connector/2.13/jersey-apache-connector-2.13.jar:/root/.m2/repository/org/glassfish/jersey/media/jersey-media-json-jackson/2.13/jersey-media-json-jackson-2.13.jar:/root/.m2/repository/org/apache/commons/commons-compress/1.8.1/commons-compress-1.8.1.jar:/root/.m2/repository/org/apache/httpcomponents/httpclient/4.3.5/httpclient-4.3.5.jar:/root/.m2/repository/org/apache/httpcomponents/httpcore/4.3.2/httpcore-4.3.2.jar:/root/.m2/repository/commons-logging/commons-logging/1.1.3/commons-logging-1.1.3.jar:/root/.m2/repository/commons-codec/commons-codec/1.6/commons-codec-1.6.jar:/root/.m2/repository/com/github/jnr/jnr-unixsocket/0.4/jnr-unixsocket-0.4.jar:/root/.m2/repository/com/github/jnr/jnr-ffi/2.0.0/jnr-ffi-2.0.0.jar:/root/.m2/repository/com/github/jnr/jffi/1.2.7/jffi-1.2.7.jar:/root/.m2/repository/com/github/jnr/jffi/1.2.7/jffi-1.2.7-native.jar:/root/.m2/repository/org/ow2/asm/asm/4.0/asm-4.0.jar:/root/.m2/repository/org/ow2/asm/asm-commons/4.0/asm-commons-4.0.jar:/root/.m2/repository/org/ow2/asm/asm-analysis/4.0/asm-analysis-4.0.jar:/root/.m2/repository/org/ow2/asm/asm-tree/4.0/asm-tree-4.0.jar:/root/.m2/repository/org/ow2/asm/asm-util/4.0/asm-util-4.0.jar:/root/.m2/repository/com/github/jnr/jnr-x86asm/1.0.2/jnr-x86asm-1.0.2.jar:/root/.m2/repository/com/github/jnr/jnr-constants/0.8.6/jnr-constants-0.8.6.jar:/root/.m2/repository/com/github/jnr/jnr-enxio/0.5/jnr-enxio-0.5.jar:/root/.m2/repository/com/github/jnr/jnr-posix/3.0.8/jnr-posix-3.0.8.jar:/root/.m2/repository/commons-lang/commons-lang/2.4/commons-lang-2.4.jar:/root/.m2/repository/org/bouncycastle/bcpkix-jdk15on/1.51/bcpkix-jdk15on-1.51.jar:/root/.m2/repository/org/bouncycastle/bcprov-jdk15on/1.51/bcprov-jdk15on-1.51.jar:/root/.m2/repository/org/zeroturnaround/zt-exec/1.8/zt-exec-1.8.jar:/root/.m2/repository/commons-io/commons-io/1.4/commons-io-1.4.jar:/root/.m2/repository/org/rnorth/jdbc/0.9.3/jdbc-0.9.3.jar:"/>
    <property name="java.vm.vendor" value="Private Build"/>
    <property name="sun.arch.data.model" value="64"/>
    <property name="java.vendor.url" value="http://java.oracle.com/"/>
    <property name="user.timezone" value=""/>
    <property name="java.vm.specification.version" value="1.8"/>
    <property name="os.name" value="Linux"/>
    <property name="sun.java.launcher" value="SUN_STANDARD"/>
    <property name="sun.boot.library.path" value="/usr/lib/jvm/java-8-openjdk-amd64/jre/lib/amd64"/>
    <property name="sun.java.command" value="/root/chatbox/target/surefire/surefirebooter6590092816153280194.jar /root/chatbox/target/surefire 2024-12-06T07-51-03_124-jvmRun1 surefire4147698583999210462tmp surefire_01642568546918316079tmp"/>
    <property name="surefire.test.class.path" value="/root/chatbox/target/test-classes:/root/chatbox/target/classes:/root/.m2/repository/junit/junit/4.11/junit-4.11.jar:/root/.m2/repository/org/hamcrest/hamcrest-core/1.3/hamcrest-core-1.3.jar:/root/.m2/repository/org/rnorth/mysql/0.9.3/mysql-0.9.3.jar:/root/.m2/repository/org/rnorth/test-containers/0.9.3/test-containers-0.9.3.jar:/root/.m2/repository/com/spotify/docker-client/2.7.7/docker-client-2.7.7-shaded.jar:/root/.m2/repository/org/slf4j/slf4j-api/1.7.6/slf4j-api-1.7.6.jar:/root/.m2/repository/com/google/guava/guava/17.0/guava-17.0.jar:/root/.m2/repository/com/fasterxml/jackson/jaxrs/jackson-jaxrs-json-provider/2.2.3/jackson-jaxrs-json-provider-2.2.3.jar:/root/.m2/repository/com/fasterxml/jackson/jaxrs/jackson-jaxrs-base/2.2.3/jackson-jaxrs-base-2.2.3.jar:/root/.m2/repository/com/fasterxml/jackson/core/jackson-core/2.2.3/jackson-core-2.2.3.jar:/root/.m2/repository/com/fasterxml/jackson/module/jackson-module-jaxb-annotations/2.2.3/jackson-module-jaxb-annotations-2.2.3.jar:/root/.m2/repository/com/fasterxml/jackson/dataformat/jackson-dataformat-yaml/2.2.3/jackson-dataformat-yaml-2.2.3.jar:/root/.m2/repository/com/fasterxml/jackson/datatype/jackson-datatype-guava/2.2.3/jackson-datatype-guava-2.2.3.jar:/root/.m2/repository/com/fasterxml/jackson/core/jackson-databind/2.2.3/jackson-databind-2.2.3.jar:/root/.m2/repository/com/fasterxml/jackson/core/jackson-annotations/2.2.3/jackson-annotations-2.2.3.jar:/root/.m2/repository/org/glassfish/jersey/core/jersey-client/2.13/jersey-client-2.13.jar:/root/.m2/repository/org/glassfish/jersey/core/jersey-common/2.13/jersey-common-2.13.jar:/root/.m2/repository/javax/annotation/javax.annotation-api/1.2/javax.annotation-api-1.2.jar:/root/.m2/repository/org/glassfish/jersey/bundles/repackaged/jersey-guava/2.13/jersey-guava-2.13.jar:/root/.m2/repository/org/glassfish/hk2/osgi-resource-locator/1.0.1/osgi-resource-locator-1.0.1.jar:/root/.m2/repository/javax/ws/rs/javax.ws.rs-api/2.0.1/javax.ws.rs-api-2.0.1.jar:/root/.m2/repository/org/glassfish/hk2/hk2-api/2.3.0-b10/hk2-api-2.3.0-b10.jar:/root/.m2/repository/org/glassfish/hk2/hk2-utils/2.3.0-b10/hk2-utils-2.3.0-b10.jar:/root/.m2/repository/org/glassfish/hk2/external/aopalliance-repackaged/2.3.0-b10/aopalliance-repackaged-2.3.0-b10.jar:/root/.m2/repository/org/glassfish/hk2/external/javax.inject/2.3.0-b10/javax.inject-2.3.0-b10.jar:/root/.m2/repository/org/glassfish/hk2/hk2-locator/2.3.0-b10/hk2-locator-2.3.0-b10.jar:/root/.m2/repository/org/javassist/javassist/3.18.1-GA/javassist-3.18.1-GA.jar:/root/.m2/repository/org/glassfish/jersey/connectors/jersey-apache-connector/2.13/jersey-apache-connector-2.13.jar:/root/.m2/repository/org/glassfish/jersey/media/jersey-media-json-jackson/2.13/jersey-media-json-jackson-2.13.jar:/root/.m2/repository/org/apache/commons/commons-compress/1.8.1/commons-compress-1.8.1.jar:/root/.m2/repository/org/apache/httpcomponents/httpclient/4.3.5/httpclient-4.3.5.jar:/root/.m2/repository/org/apache/httpcomponents/httpcore/4.3.2/httpcore-4.3.2.jar:/root/.m2/repository/commons-logging/commons-logging/1.1.3/commons-logging-1.1.3.jar:/root/.m2/repository/commons-codec/commons-codec/1.6/commons-codec-1.6.jar:/root/.m2/repository/com/github/jnr/jnr-unixsocket/0.4/jnr-unixsocket-0.4.jar:/root/.m2/repository/com/github/jnr/jnr-ffi/2.0.0/jnr-ffi-2.0.0.jar:/root/.m2/repository/com/github/jnr/jffi/1.2.7/jffi-1.2.7.jar:/root/.m2/repository/com/github/jnr/jffi/1.2.7/jffi-1.2.7-native.jar:/root/.m2/repository/org/ow2/asm/asm/4.0/asm-4.0.jar:/root/.m2/repository/org/ow2/asm/asm-commons/4.0/asm-commons-4.0.jar:/root/.m2/repository/org/ow2/asm/asm-analysis/4.0/asm-analysis-4.0.jar:/root/.m2/repository/org/ow2/asm/asm-tree/4.0/asm-tree-4.0.jar:/root/.m2/repository/org/ow2/asm/asm-util/4.0/asm-util-4.0.jar:/root/.m2/repository/com/github/jnr/jnr-x86asm/1.0.2/jnr-x86asm-1.0.2.jar:/root/.m2/repository/com/github/jnr/jnr-constants/0.8.6/jnr-constants-0.8.6.jar:/root/.m2/repository/com/github/jnr/jnr-enxio/0.5/jnr-enxio-0.5.jar:/root/.m2/repository/com/github/jnr/jnr-posix/3.0.8/jnr-posix-3.0.8.jar:/root/.m2/repository/commons-lang/commons-lang/2.4/commons-lang-2.4.jar:/root/.m2/repository/org/bouncycastle/bcpkix-jdk15on/1.51/bcpkix-jdk15on-1.51.jar:/root/.m2/repository/org/bouncycastle/bcprov-jdk15on/1.51/bcprov-jdk15on-1.51.jar:/root/.m2/repository/org/zeroturnaround/zt-exec/1.8/zt-exec-1.8.jar:/root/.m2/repository/commons-io/commons-io/1.4/commons-io-1.4.jar:/root/.m2/repository/org/rnorth/jdbc/0.9.3/jdbc-0.9.3.jar:"/>
    <property name="sun.cpu.endian" value="little"/>
    <property name="user.home" value="/root"/>
    <property name="user.language" value="en"/>
    <property name="java.specification.vendor" value="Oracle Corporation"/>
    <property name="java.home" value="/usr/lib/jvm/java-8-openjdk-amd64/jre"/>
    <property name="basedir" value="/root/chatbox"/>
    <property name="file.separator" value="/"/>
    <property name="line.separator" value="&#10;"/>
    <property name="java.vm.specification.vendor" value="Oracle Corporation"/>
    <property name="java.specification.name" value="Java Platform API Specification"/>
    <property name="java.awt.graphicsenv" value="sun.awt.X11GraphicsEnvironment"/>
    <property name="surefire.real.class.path" value="/root/chatbox/target/surefire/surefirebooter6590092816153280194.jar"/>
    <property name="sun.boot.class.path" value="/usr/lib/jvm/java-8-openjdk-amd64/jre/lib/resources.jar:/usr/lib/jvm/java-8-openjdk-amd64/jre/lib/rt.jar:/usr/lib/jvm/java-8-openjdk-amd64/jre/lib/sunrsasign.jar:/usr/lib/jvm/java-8-openjdk-amd64/jre/lib/jsse.jar:/usr/lib/jvm/java-8-openjdk-amd64/jre/lib/jce.jar:/usr/lib/jvm/java-8-openjdk-amd64/jre/lib/charsets.jar:/usr/lib/jvm/java-8-openjdk-amd64/jre/lib/jfr.jar:/usr/lib/jvm/java-8-openjdk-amd64/jre/classes"/>
    <property name="sun.management.compiler" value="HotSpot 64-Bit Tiered Compilers"/>
    <property name="java.runtime.version" value="1.8.0_432-8u432-ga~us1-0ubuntu2~24.04-ga"/>
    <property name="user.name" value="root"/>
    <property name="path.separator" value=":"/>
    <property name="os.version" value="6.8.0-1018-aws"/>
    <property name="java.endorsed.dirs" value="/usr/lib/jvm/java-8-openjdk-amd64/jre/lib/endorsed"/>
    <property name="java.runtime.name" value="OpenJDK Runtime Environment"/>
    <property name="file.encoding" value="UTF-8"/>
    <property name="java.vm.name" value="OpenJDK 64-Bit Server VM"/>
    <property name="localRepository" value="/root/.m2/repository"/>
    <property name="java.vendor.url.bug" value="http://bugreport.sun.com/bugreport/"/>
    <property name="java.io.tmpdir" value="/tmp"/>
    <property name="java.version" value="1.8.0_432"/>
    <property name="user.dir" value="/root/chatbox"/>
    <property name="os.arch" value="amd64"/>
    <property name="java.vm.specification.name" value="Java Virtual Machine Specification"/>
    <property name="java.awt.printerjob" value="sun.print.PSPrinterJob"/>
    <property name="sun.os.patch.level" value="unknown"/>
    <property name="java.library.path" value="/usr/java/packages/lib/amd64:/usr/lib/x86_64-linux-gnu/jni:/lib/x86_64-linux-gnu:/usr/lib/x86_64-linux-gnu:/usr/lib/jni:/lib:/usr/lib"/>
    <property name="java.vm.info" value="mixed mode"/>
    <property name="java.vendor" value="Private Build"/>
    <property name="java.vm.version" value="25.432-bga"/>
    <property name="java.specification.maintenance.version" value="6"/>
    <property name="java.ext.dirs" value="/usr/lib/jvm/java-8-openjdk-amd64/jre/lib/ext:/usr/java/packages/lib/ext"/>
    <property name="sun.io.unicode.encoding" value="UnicodeLittle"/>
    <property name="java.class.version" value="52.0"/>
  </properties>
  <testcase name="shouldAnswerWithTrue" classname="instagram.AppTest" time="0.003"/>
</testsuite>